                                                             QUERY PLAN                                                             
------------------------------------------------------------------------------------------------------------------------------------
 [                                                                                                                                 +
   {                                                                                                                               +
     "Plan": {                                                                                                                     +
       "Node Type": "Aggregate",                                                                                                   +
       "Strategy": "Sorted",                                                                                                       +
       "Partial Mode": "Simple",                                                                                                   +
       "Parallel Aware": false,                                                                                                    +
       "Startup Cost": 68411.58,                                                                                                   +
       "Total Cost": 68413.86,                                                                                                     +
       "Plan Rows": 57,                                                                                                            +
       "Plan Width": 16,                                                                                                           +
       "Group Key": ["(date_part('year'::text, (orders.o_orderdate)::timestamp without time zone))"],                              +
       "Plans": [                                                                                                                  +
         {                                                                                                                         +
           "Node Type": "Sort",                                                                                                    +
           "Parent Relationship": "Outer",                                                                                         +
           "Parallel Aware": false,                                                                                                +
           "Startup Cost": 68411.58,                                                                                               +
           "Total Cost": 68411.72,                                                                                                 +
           "Plan Rows": 57,                                                                                                        +
           "Plan Width": 128,                                                                                                      +
           "Sort Key": ["(date_part('year'::text, (orders.o_orderdate)::timestamp without time zone))"],                           +
           "Plans": [                                                                                                              +
             {                                                                                                                     +
               "Node Type": "Hash Join",                                                                                           +
               "Parent Relationship": "Outer",                                                                                     +
               "Parallel Aware": false,                                                                                            +
               "Join Type": "Inner",                                                                                               +
               "Startup Cost": 465.17,                                                                                             +
               "Total Cost": 68409.91,                                                                                             +
               "Plan Rows": 57,                                                                                                    +
               "Plan Width": 128,                                                                                                  +
               "Hash Cond": "(supplier.s_nationkey = n2.n_nationkey)",                                                             +
               "Plans": [                                                                                                          +
                 {                                                                                                                 +
                   "Node Type": "Hash Join",                                                                                       +
                   "Parent Relationship": "Outer",                                                                                 +
                   "Parallel Aware": false,                                                                                        +
                   "Join Type": "Inner",                                                                                           +
                   "Startup Cost": 463.61,                                                                                         +
                   "Total Cost": 68407.28,                                                                                         +
                   "Plan Rows": 57,                                                                                                +
                   "Plan Width": 24,                                                                                               +
                   "Hash Cond": "(customer.c_nationkey = n1.n_nationkey)",                                                         +
                   "Plans": [                                                                                                      +
                     {                                                                                                             +
                       "Node Type": "Nested Loop",                                                                                 +
                       "Parent Relationship": "Outer",                                                                             +
                       "Parallel Aware": false,                                                                                    +
                       "Join Type": "Inner",                                                                                       +
                       "Startup Cost": 461.17,                                                                                     +
                       "Total Cost": 68398.92,                                                                                     +
                       "Plan Rows": 1426,                                                                                          +
                       "Plan Width": 28,                                                                                           +
                       "Plans": [                                                                                                  +
                         {                                                                                                         +
                           "Node Type": "Nested Loop",                                                                             +
                           "Parent Relationship": "Outer",                                                                         +
                           "Parallel Aware": false,                                                                                +
                           "Join Type": "Inner",                                                                                   +
                           "Startup Cost": 460.75,                                                                                 +
                           "Total Cost": 67711.17,                                                                                 +
                           "Plan Rows": 1426,                                                                                      +
                           "Plan Width": 28,                                                                                       +
                           "Plans": [                                                                                              +
                             {                                                                                                     +
                               "Node Type": "Hash Join",                                                                           +
                               "Parent Relationship": "Outer",                                                                     +
                               "Parallel Aware": false,                                                                            +
                               "Join Type": "Inner",                                                                               +
                               "Startup Cost": 460.32,                                                                             +
                               "Total Cost": 65323.83,                                                                             +
                               "Plan Rows": 4588,                                                                                  +
                               "Plan Width": 24,                                                                                   +
                               "Hash Cond": "(lineitem.l_suppkey = supplier.s_suppkey)",                                           +
                               "Plans": [                                                                                          +
                                 {                                                                                                 +
                                   "Node Type": "Nested Loop",                                                                     +
                                   "Parent Relationship": "Outer",                                                                 +
                                   "Parallel Aware": false,                                                                        +
                                   "Join Type": "Inner",                                                                           +
                                   "Startup Cost": 67.31,                                                                          +
                                   "Total Cost": 64833.71,                                                                         +
                                   "Plan Rows": 13661,                                                                             +
                                   "Plan Width": 24,                                                                               +
                                   "Plans": [                                                                                      +
                                     {                                                                                             +
                                       "Node Type": "Bitmap Heap Scan",                                                            +
                                       "Parent Relationship": "Outer",                                                             +
                                       "Parallel Aware": false,                                                                    +
                                       "Relation Name": "part",                                                                    +
                                       "Alias": "part",                                                                            +
                                       "Startup Cost": 66.75,                                                                      +
                                       "Total Cost": 2879.35,                                                                      +
                                       "Plan Rows": 1333,                                                                          +
                                       "Plan Width": 4,                                                                            +
                                       "Recheck Cond": "((p_type)::text = 'ECONOMY ANODIZED STEEL'::text)",                        +
                                       "Plans": [                                                                                  +
                                         {                                                                                         +
                                           "Node Type": "Bitmap Index Scan",                                                       +
                                           "Parent Relationship": "Outer",                                                         +
                                           "Parallel Aware": false,                                                                +
                                           "Index Name": "uxp_tys2pkmf",                                                           +
                                           "Startup Cost": 0.00,                                                                   +
                                           "Total Cost": 66.42,                                                                    +
                                           "Plan Rows": 1333,                                                                      +
                                           "Plan Width": 0,                                                                        +
                                           "Index Cond": "((p_type)::text = 'ECONOMY ANODIZED STEEL'::text)"                       +
                                         }                                                                                         +
                                       ]                                                                                           +
                                     },                                                                                            +
                                     {                                                                                             +
                                       "Node Type": "Index Only Scan",                                                             +
                                       "Parent Relationship": "Inner",                                                             +
                                       "Parallel Aware": false,                                                                    +
                                       "Scan Direction": "Forward",                                                                +
                                       "Index Name": "uxl_pks2okepdsqn",                                                           +
                                       "Relation Name": "lineitem",                                                                +
                                       "Alias": "lineitem",                                                                        +
                                       "Startup Cost": 0.56,                                                                       +
                                       "Total Cost": 46.37,                                                                        +
                                       "Plan Rows": 11,                                                                            +
                                       "Plan Width": 28,                                                                           +
                                       "Index Cond": "((l_partkey = part.p_partkey) AND (l_quantity <= '17.66'::double precision))"+
                                     }                                                                                             +
                                   ]                                                                                               +
                                 },                                                                                                +
                                 {                                                                                                 +
                                   "Node Type": "Hash",                                                                            +
                                   "Parent Relationship": "Inner",                                                                 +
                                   "Parallel Aware": false,                                                                        +
                                   "Startup Cost": 351.00,                                                                         +
                                   "Total Cost": 351.00,                                                                           +
                                   "Plan Rows": 3361,                                                                              +
                                   "Plan Width": 8,                                                                                +
                                   "Plans": [                                                                                      +
                                     {                                                                                             +
                                       "Node Type": "Seq Scan",                                                                    +
                                       "Parent Relationship": "Outer",                                                             +
                                       "Parallel Aware": false,                                                                    +
                                       "Relation Name": "supplier",                                                                +
                                       "Alias": "supplier",                                                                        +
                                       "Startup Cost": 0.00,                                                                       +
                                       "Total Cost": 351.00,                                                                       +
                                       "Plan Rows": 3361,                                                                          +
                                       "Plan Width": 8,                                                                            +
                                       "Filter": "(s_acctbal <= '2741.0796'::double precision)"                                    +
                                     }                                                                                             +
                                   ]                                                                                               +
                                 }                                                                                                 +
                               ]                                                                                                   +
                             },                                                                                                    +
                             {                                                                                                     +
                               "Node Type": "Index Scan",                                                                          +
                               "Parent Relationship": "Inner",                                                                     +
                               "Parallel Aware": false,                                                                            +
                               "Scan Direction": "Forward",                                                                        +
                               "Index Name": "pk_o_orderkey",                                                                      +
                               "Relation Name": "orders",                                                                          +
                               "Alias": "orders",                                                                                  +
                               "Startup Cost": 0.43,                                                                               +
                               "Total Cost": 0.51,                                                                                 +
                               "Plan Rows": 1,                                                                                     +
                               "Plan Width": 12,                                                                                   +
                               "Index Cond": "(o_orderkey = lineitem.l_orderkey)",                                                 +
                               "Filter": "((o_orderdate >= '1995-01-01'::date) AND (o_orderdate <= '1996-12-31'::date))"           +
                             }                                                                                                     +
                           ]                                                                                                       +
                         },                                                                                                        +
                         {                                                                                                         +
                           "Node Type": "Index Scan",                                                                              +
                           "Parent Relationship": "Inner",                                                                         +
                           "Parallel Aware": false,                                                                                +
                           "Scan Direction": "Forward",                                                                            +
                           "Index Name": "pk_c_custkey",                                                                           +
                           "Relation Name": "customer",                                                                            +
                           "Alias": "customer",                                                                                    +
                           "Startup Cost": 0.42,                                                                                   +
                           "Total Cost": 0.47,                                                                                     +
                           "Plan Rows": 1,                                                                                         +
                           "Plan Width": 8,                                                                                        +
                           "Index Cond": "(c_custkey = orders.o_custkey)"                                                          +
                         }                                                                                                         +
                       ]                                                                                                           +
                     },                                                                                                            +
                     {                                                                                                             +
                       "Node Type": "Hash",                                                                                        +
                       "Parent Relationship": "Inner",                                                                             +
                       "Parallel Aware": false,                                                                                    +
                       "Startup Cost": 2.43,                                                                                       +
                       "Total Cost": 2.43,                                                                                         +
                       "Plan Rows": 1,                                                                                             +
                       "Plan Width": 4,                                                                                            +
                       "Plans": [                                                                                                  +
                         {                                                                                                         +
                           "Node Type": "Hash Join",                                                                               +
                           "Parent Relationship": "Outer",                                                                         +
                           "Parallel Aware": false,                                                                                +
                           "Join Type": "Inner",                                                                                   +
                           "Startup Cost": 1.07,                                                                                   +
                           "Total Cost": 2.43,                                                                                     +
                           "Plan Rows": 1,                                                                                         +
                           "Plan Width": 4,                                                                                        +
                           "Hash Cond": "(n1.n_regionkey = region.r_regionkey)",                                                   +
                           "Plans": [                                                                                              +
                             {                                                                                                     +
                               "Node Type": "Seq Scan",                                                                            +
                               "Parent Relationship": "Outer",                                                                     +
                               "Parallel Aware": false,                                                                            +
                               "Relation Name": "nation",                                                                          +
                               "Alias": "n1",                                                                                      +
                               "Startup Cost": 0.00,                                                                               +
                               "Total Cost": 1.25,                                                                                 +
                               "Plan Rows": 25,                                                                                    +
                               "Plan Width": 8                                                                                     +
                             },                                                                                                    +
                             {                                                                                                     +
                               "Node Type": "Hash",                                                                                +
                               "Parent Relationship": "Inner",                                                                     +
                               "Parallel Aware": false,                                                                            +
                               "Startup Cost": 1.06,                                                                               +
                               "Total Cost": 1.06,                                                                                 +
                               "Plan Rows": 1,                                                                                     +
                               "Plan Width": 4,                                                                                    +
                               "Plans": [                                                                                          +
                                 {                                                                                                 +
                                   "Node Type": "Seq Scan",                                                                        +
                                   "Parent Relationship": "Outer",                                                                 +
                                   "Parallel Aware": false,                                                                        +
                                   "Relation Name": "region",                                                                      +
                                   "Alias": "region",                                                                              +
                                   "Startup Cost": 0.00,                                                                           +
                                   "Total Cost": 1.06,                                                                             +
                                   "Plan Rows": 1,                                                                                 +
                                   "Plan Width": 4,                                                                                +
                                   "Filter": "(r_name = 'AMERICA'::bpchar)"                                                        +
                                 }                                                                                                 +
                               ]                                                                                                   +
                             }                                                                                                     +
                           ]                                                                                                       +
                         }                                                                                                         +
                       ]                                                                                                           +
                     }                                                                                                             +
                   ]                                                                                                               +
                 },                                                                                                                +
                 {                                                                                                                 +
                   "Node Type": "Hash",                                                                                            +
                   "Parent Relationship": "Inner",                                                                                 +
                   "Parallel Aware": false,                                                                                        +
                   "Startup Cost": 1.25,                                                                                           +
                   "Total Cost": 1.25,                                                                                             +
                   "Plan Rows": 25,                                                                                                +
                   "Plan Width": 108,                                                                                              +
                   "Plans": [                                                                                                      +
                     {                                                                                                             +
                       "Node Type": "Seq Scan",                                                                                    +
                       "Parent Relationship": "Outer",                                                                             +
                       "Parallel Aware": false,                                                                                    +
                       "Relation Name": "nation",                                                                                  +
                       "Alias": "n2",                                                                                              +
                       "Startup Cost": 0.00,                                                                                       +
                       "Total Cost": 1.25,                                                                                         +
                       "Plan Rows": 25,                                                                                            +
                       "Plan Width": 108                                                                                           +
                     }                                                                                                             +
                   ]                                                                                                               +
                 }                                                                                                                 +
               ]                                                                                                                   +
             }                                                                                                                     +
           ]                                                                                                                       +
         }                                                                                                                         +
       ]                                                                                                                           +
     }                                                                                                                             +
   }                                                                                                                               +
 ]
(1 row)

