                                                                                   QUERY PLAN                                                                                    
---------------------------------------------------------------------------------------------------------------------------------------------------------------------------------
 [                                                                                                                                                                              +
   {                                                                                                                                                                            +
     "Plan": {                                                                                                                                                                  +
       "Node Type": "Aggregate",                                                                                                                                                +
       "Strategy": "Sorted",                                                                                                                                                    +
       "Partial Mode": "Simple",                                                                                                                                                +
       "Parallel Aware": false,                                                                                                                                                 +
       "Startup Cost": 14710.27,                                                                                                                                                +
       "Total Cost": 14710.31,                                                                                                                                                  +
       "Plan Rows": 1,                                                                                                                                                          +
       "Plan Width": 16,                                                                                                                                                        +
       "Group Key": ["(date_part('year'::text, (orders.o_orderdate)::timestamp without time zone))"],                                                                           +
       "Plans": [                                                                                                                                                               +
         {                                                                                                                                                                      +
           "Node Type": "Sort",                                                                                                                                                 +
           "Parent Relationship": "Outer",                                                                                                                                      +
           "Parallel Aware": false,                                                                                                                                             +
           "Startup Cost": 14710.27,                                                                                                                                            +
           "Total Cost": 14710.27,                                                                                                                                              +
           "Plan Rows": 1,                                                                                                                                                      +
           "Plan Width": 128,                                                                                                                                                   +
           "Sort Key": ["(date_part('year'::text, (orders.o_orderdate)::timestamp without time zone))"],                                                                        +
           "Plans": [                                                                                                                                                           +
             {                                                                                                                                                                  +
               "Node Type": "Nested Loop",                                                                                                                                      +
               "Parent Relationship": "Outer",                                                                                                                                  +
               "Parallel Aware": false,                                                                                                                                         +
               "Join Type": "Inner",                                                                                                                                            +
               "Startup Cost": 68.43,                                                                                                                                           +
               "Total Cost": 14710.26,                                                                                                                                          +
               "Plan Rows": 1,                                                                                                                                                  +
               "Plan Width": 128,                                                                                                                                               +
               "Plans": [                                                                                                                                                       +
                 {                                                                                                                                                              +
                   "Node Type": "Nested Loop",                                                                                                                                  +
                   "Parent Relationship": "Outer",                                                                                                                              +
                   "Parallel Aware": false,                                                                                                                                     +
                   "Join Type": "Inner",                                                                                                                                        +
                   "Startup Cost": 68.29,                                                                                                                                       +
                   "Total Cost": 14709.61,                                                                                                                                      +
                   "Plan Rows": 1,                                                                                                                                              +
                   "Plan Width": 128,                                                                                                                                           +
                   "Join Filter": "(supplier.s_nationkey = n2.n_nationkey)",                                                                                                    +
                   "Plans": [                                                                                                                                                   +
                     {                                                                                                                                                          +
                       "Node Type": "Nested Loop",                                                                                                                              +
                       "Parent Relationship": "Outer",                                                                                                                          +
                       "Parallel Aware": false,                                                                                                                                 +
                       "Join Type": "Inner",                                                                                                                                    +
                       "Startup Cost": 68.29,                                                                                                                                   +
                       "Total Cost": 14708.05,                                                                                                                                  +
                       "Plan Rows": 1,                                                                                                                                          +
                       "Plan Width": 28,                                                                                                                                        +
                       "Join Filter": "(customer.c_nationkey = n1.n_nationkey)",                                                                                                +
                       "Plans": [                                                                                                                                               +
                         {                                                                                                                                                      +
                           "Node Type": "Index Only Scan",                                                                                                                      +
                           "Parent Relationship": "Outer",                                                                                                                      +
                           "Parallel Aware": false,                                                                                                                             +
                           "Scan Direction": "Forward",                                                                                                                         +
                           "Index Name": "n_regkeynatkeynam",                                                                                                                   +
                           "Relation Name": "nation",                                                                                                                           +
                           "Alias": "n1",                                                                                                                                       +
                           "Startup Cost": 0.14,                                                                                                                                +
                           "Total Cost": 12.51,                                                                                                                                 +
                           "Plan Rows": 25,                                                                                                                                     +
                           "Plan Width": 8                                                                                                                                      +
                         },                                                                                                                                                     +
                         {                                                                                                                                                      +
                           "Node Type": "Materialize",                                                                                                                          +
                           "Parent Relationship": "Inner",                                                                                                                      +
                           "Parallel Aware": false,                                                                                                                             +
                           "Startup Cost": 68.16,                                                                                                                               +
                           "Total Cost": 14695.16,                                                                                                                              +
                           "Plan Rows": 1,                                                                                                                                      +
                           "Plan Width": 28,                                                                                                                                    +
                           "Plans": [                                                                                                                                           +
                             {                                                                                                                                                  +
                               "Node Type": "Nested Loop",                                                                                                                      +
                               "Parent Relationship": "Outer",                                                                                                                  +
                               "Parallel Aware": false,                                                                                                                         +
                               "Join Type": "Inner",                                                                                                                            +
                               "Startup Cost": 68.16,                                                                                                                           +
                               "Total Cost": 14695.16,                                                                                                                          +
                               "Plan Rows": 1,                                                                                                                                  +
                               "Plan Width": 28,                                                                                                                                +
                               "Plans": [                                                                                                                                       +
                                 {                                                                                                                                              +
                                   "Node Type": "Nested Loop",                                                                                                                  +
                                   "Parent Relationship": "Outer",                                                                                                              +
                                   "Parallel Aware": false,                                                                                                                     +
                                   "Join Type": "Inner",                                                                                                                        +
                                   "Startup Cost": 67.74,                                                                                                                       +
                                   "Total Cost": 14694.67,                                                                                                                      +
                                   "Plan Rows": 1,                                                                                                                              +
                                   "Plan Width": 28,                                                                                                                            +
                                   "Plans": [                                                                                                                                   +
                                     {                                                                                                                                          +
                                       "Node Type": "Nested Loop",                                                                                                              +
                                       "Parent Relationship": "Outer",                                                                                                          +
                                       "Parallel Aware": false,                                                                                                                 +
                                       "Join Type": "Inner",                                                                                                                    +
                                       "Startup Cost": 67.31,                                                                                                                   +
                                       "Total Cost": 14694.15,                                                                                                                  +
                                       "Plan Rows": 1,                                                                                                                          +
                                       "Plan Width": 24,                                                                                                                        +
                                       "Plans": [                                                                                                                               +
                                         {                                                                                                                                      +
                                           "Node Type": "Seq Scan",                                                                                                             +
                                           "Parent Relationship": "Outer",                                                                                                      +
                                           "Parallel Aware": false,                                                                                                             +
                                           "Relation Name": "supplier",                                                                                                         +
                                           "Alias": "supplier",                                                                                                                 +
                                           "Startup Cost": 0.00,                                                                                                                +
                                           "Total Cost": 351.00,                                                                                                                +
                                           "Plan Rows": 1,                                                                                                                      +
                                           "Plan Width": 8,                                                                                                                     +
                                           "Filter": "(s_acctbal <= '-998.22'::double precision)"                                                                               +
                                         },                                                                                                                                     +
                                         {                                                                                                                                      +
                                           "Node Type": "Nested Loop",                                                                                                          +
                                           "Parent Relationship": "Inner",                                                                                                      +
                                           "Parallel Aware": false,                                                                                                             +
                                           "Join Type": "Inner",                                                                                                                +
                                           "Startup Cost": 67.31,                                                                                                               +
                                           "Total Cost": 14329.82,                                                                                                              +
                                           "Plan Rows": 1333,                                                                                                                   +
                                           "Plan Width": 24,                                                                                                                    +
                                           "Plans": [                                                                                                                           +
                                             {                                                                                                                                  +
                                               "Node Type": "Bitmap Heap Scan",                                                                                                 +
                                               "Parent Relationship": "Outer",                                                                                                  +
                                               "Parallel Aware": false,                                                                                                         +
                                               "Relation Name": "part",                                                                                                         +
                                               "Alias": "part",                                                                                                                 +
                                               "Startup Cost": 66.75,                                                                                                           +
                                               "Total Cost": 2879.35,                                                                                                           +
                                               "Plan Rows": 1333,                                                                                                               +
                                               "Plan Width": 4,                                                                                                                 +
                                               "Recheck Cond": "((p_type)::text = 'ECONOMY ANODIZED STEEL'::text)",                                                             +
                                               "Plans": [                                                                                                                       +
                                                 {                                                                                                                              +
                                                   "Node Type": "Bitmap Index Scan",                                                                                            +
                                                   "Parent Relationship": "Outer",                                                                                              +
                                                   "Parallel Aware": false,                                                                                                     +
                                                   "Index Name": "uxp_tys2pkmf",                                                                                                +
                                                   "Startup Cost": 0.00,                                                                                                        +
                                                   "Total Cost": 66.42,                                                                                                         +
                                                   "Plan Rows": 1333,                                                                                                           +
                                                   "Plan Width": 0,                                                                                                             +
                                                   "Index Cond": "((p_type)::text = 'ECONOMY ANODIZED STEEL'::text)"                                                            +
                                                 }                                                                                                                              +
                                               ]                                                                                                                                +
                                             },                                                                                                                                 +
                                             {                                                                                                                                  +
                                               "Node Type": "Index Only Scan",                                                                                                  +
                                               "Parent Relationship": "Inner",                                                                                                  +
                                               "Parallel Aware": false,                                                                                                         +
                                               "Scan Direction": "Forward",                                                                                                     +
                                               "Index Name": "uxl_pks2okepdsqn",                                                                                                +
                                               "Relation Name": "lineitem",                                                                                                     +
                                               "Alias": "lineitem",                                                                                                             +
                                               "Startup Cost": 0.56,                                                                                                            +
                                               "Total Cost": 8.58,                                                                                                              +
                                               "Plan Rows": 1,                                                                                                                  +
                                               "Plan Width": 28,                                                                                                                +
                                               "Index Cond": "((l_partkey = part.p_partkey) AND (l_suppkey = supplier.s_suppkey) AND (l_quantity <= '17.66'::double precision))"+
                                             }                                                                                                                                  +
                                           ]                                                                                                                                    +
                                         }                                                                                                                                      +
                                       ]                                                                                                                                        +
                                     },                                                                                                                                         +
                                     {                                                                                                                                          +
                                       "Node Type": "Index Scan",                                                                                                               +
                                       "Parent Relationship": "Inner",                                                                                                          +
                                       "Parallel Aware": false,                                                                                                                 +
                                       "Scan Direction": "Forward",                                                                                                             +
                                       "Index Name": "pk_o_orderkey",                                                                                                           +
                                       "Relation Name": "orders",                                                                                                               +
                                       "Alias": "orders",                                                                                                                       +
                                       "Startup Cost": 0.43,                                                                                                                    +
                                       "Total Cost": 0.51,                                                                                                                      +
                                       "Plan Rows": 1,                                                                                                                          +
                                       "Plan Width": 12,                                                                                                                        +
                                       "Index Cond": "(o_orderkey = lineitem.l_orderkey)",                                                                                      +
                                       "Filter": "((o_orderdate >= '1995-01-01'::date) AND (o_orderdate <= '1996-12-31'::date))"                                                +
                                     }                                                                                                                                          +
                                   ]                                                                                                                                            +
                                 },                                                                                                                                             +
                                 {                                                                                                                                              +
                                   "Node Type": "Index Scan",                                                                                                                   +
                                   "Parent Relationship": "Inner",                                                                                                              +
                                   "Parallel Aware": false,                                                                                                                     +
                                   "Scan Direction": "Forward",                                                                                                                 +
                                   "Index Name": "pk_c_custkey",                                                                                                                +
                                   "Relation Name": "customer",                                                                                                                 +
                                   "Alias": "customer",                                                                                                                         +
                                   "Startup Cost": 0.42,                                                                                                                        +
                                   "Total Cost": 0.47,                                                                                                                          +
                                   "Plan Rows": 1,                                                                                                                              +
                                   "Plan Width": 8,                                                                                                                             +
                                   "Index Cond": "(c_custkey = orders.o_custkey)"                                                                                               +
                                 }                                                                                                                                              +
                               ]                                                                                                                                                +
                             }                                                                                                                                                  +
                           ]                                                                                                                                                    +
                         }                                                                                                                                                      +
                       ]                                                                                                                                                        +
                     },                                                                                                                                                         +
                     {                                                                                                                                                          +
                       "Node Type": "Seq Scan",                                                                                                                                 +
                       "Parent Relationship": "Inner",                                                                                                                          +
                       "Parallel Aware": false,                                                                                                                                 +
                       "Relation Name": "nation",                                                                                                                               +
                       "Alias": "n2",                                                                                                                                           +
                       "Startup Cost": 0.00,                                                                                                                                    +
                       "Total Cost": 1.25,                                                                                                                                      +
                       "Plan Rows": 25,                                                                                                                                         +
                       "Plan Width": 108                                                                                                                                        +
                     }                                                                                                                                                          +
                   ]                                                                                                                                                            +
                 },                                                                                                                                                             +
                 {                                                                                                                                                              +
                   "Node Type": "Index Only Scan",                                                                                                                              +
                   "Parent Relationship": "Inner",                                                                                                                              +
                   "Parallel Aware": false,                                                                                                                                     +
                   "Scan Direction": "Forward",                                                                                                                                 +
                   "Index Name": "r_namregkey",                                                                                                                                 +
                   "Relation Name": "region",                                                                                                                                   +
                   "Alias": "region",                                                                                                                                           +
                   "Startup Cost": 0.13,                                                                                                                                        +
                   "Total Cost": 0.63,                                                                                                                                          +
                   "Plan Rows": 1,                                                                                                                                              +
                   "Plan Width": 4,                                                                                                                                             +
                   "Index Cond": "((r_name = 'AMERICA'::bpchar) AND (r_regionkey = n1.n_regionkey))"                                                                            +
                 }                                                                                                                                                              +
               ]                                                                                                                                                                +
             }                                                                                                                                                                  +
           ]                                                                                                                                                                    +
         }                                                                                                                                                                      +
       ]                                                                                                                                                                        +
     }                                                                                                                                                                          +
   }                                                                                                                                                                            +
 ]
(1 row)

