                                                            QUERY PLAN                                                             
-----------------------------------------------------------------------------------------------------------------------------------
 [                                                                                                                                +
   {                                                                                                                              +
     "Plan": {                                                                                                                    +
       "Node Type": "Aggregate",                                                                                                  +
       "Strategy": "Sorted",                                                                                                      +
       "Partial Mode": "Simple",                                                                                                  +
       "Parallel Aware": false,                                                                                                   +
       "Startup Cost": 39753.49,                                                                                                  +
       "Total Cost": 39756.33,                                                                                                    +
       "Plan Rows": 71,                                                                                                           +
       "Plan Width": 16,                                                                                                          +
       "Group Key": ["(date_part('year'::text, (orders.o_orderdate)::timestamp without time zone))"],                             +
       "Plans": [                                                                                                                 +
         {                                                                                                                        +
           "Node Type": "Sort",                                                                                                   +
           "Parent Relationship": "Outer",                                                                                        +
           "Parallel Aware": false,                                                                                               +
           "Startup Cost": 39753.49,                                                                                              +
           "Total Cost": 39753.67,                                                                                                +
           "Plan Rows": 71,                                                                                                       +
           "Plan Width": 128,                                                                                                     +
           "Sort Key": ["(date_part('year'::text, (orders.o_orderdate)::timestamp without time zone))"],                          +
           "Plans": [                                                                                                             +
             {                                                                                                                    +
               "Node Type": "Nested Loop",                                                                                        +
               "Parent Relationship": "Outer",                                                                                    +
               "Parallel Aware": false,                                                                                           +
               "Join Type": "Inner",                                                                                              +
               "Startup Cost": 68.72,                                                                                             +
               "Total Cost": 39751.31,                                                                                            +
               "Plan Rows": 71,                                                                                                   +
               "Plan Width": 128,                                                                                                 +
               "Plans": [                                                                                                         +
                 {                                                                                                                +
                   "Node Type": "Nested Loop",                                                                                    +
                   "Parent Relationship": "Outer",                                                                                +
                   "Parallel Aware": false,                                                                                       +
                   "Join Type": "Inner",                                                                                          +
                   "Startup Cost": 68.58,                                                                                         +
                   "Total Cost": 39739.15,                                                                                        +
                   "Plan Rows": 71,                                                                                               +
                   "Plan Width": 24,                                                                                              +
                   "Plans": [                                                                                                     +
                     {                                                                                                            +
                       "Node Type": "Nested Loop",                                                                                +
                       "Parent Relationship": "Outer",                                                                            +
                       "Parallel Aware": false,                                                                                   +
                       "Join Type": "Inner",                                                                                      +
                       "Startup Cost": 68.29,                                                                                     +
                       "Total Cost": 39716.70,                                                                                    +
                       "Plan Rows": 71,                                                                                           +
                       "Plan Width": 24,                                                                                          +
                       "Join Filter": "(n1.n_nationkey = customer.c_nationkey)",                                                  +
                       "Plans": [                                                                                                 +
                         {                                                                                                        +
                           "Node Type": "Nested Loop",                                                                            +
                           "Parent Relationship": "Outer",                                                                        +
                           "Parallel Aware": false,                                                                               +
                           "Join Type": "Inner",                                                                                  +
                           "Startup Cost": 0.14,                                                                                  +
                           "Total Cost": 13.95,                                                                                   +
                           "Plan Rows": 1,                                                                                        +
                           "Plan Width": 4,                                                                                       +
                           "Join Filter": "(n1.n_regionkey = region.r_regionkey)",                                                +
                           "Plans": [                                                                                             +
                             {                                                                                                    +
                               "Node Type": "Index Scan",                                                                         +
                               "Parent Relationship": "Outer",                                                                    +
                               "Parallel Aware": false,                                                                           +
                               "Scan Direction": "Forward",                                                                       +
                               "Index Name": "n_natkeynam",                                                                       +
                               "Relation Name": "nation",                                                                         +
                               "Alias": "n1",                                                                                     +
                               "Startup Cost": 0.14,                                                                              +
                               "Total Cost": 12.51,                                                                               +
                               "Plan Rows": 25,                                                                                   +
                               "Plan Width": 8                                                                                    +
                             },                                                                                                   +
                             {                                                                                                    +
                               "Node Type": "Materialize",                                                                        +
                               "Parent Relationship": "Inner",                                                                    +
                               "Parallel Aware": false,                                                                           +
                               "Startup Cost": 0.00,                                                                              +
                               "Total Cost": 1.07,                                                                                +
                               "Plan Rows": 1,                                                                                    +
                               "Plan Width": 4,                                                                                   +
                               "Plans": [                                                                                         +
                                 {                                                                                                +
                                   "Node Type": "Seq Scan",                                                                       +
                                   "Parent Relationship": "Outer",                                                                +
                                   "Parallel Aware": false,                                                                       +
                                   "Relation Name": "region",                                                                     +
                                   "Alias": "region",                                                                             +
                                   "Startup Cost": 0.00,                                                                          +
                                   "Total Cost": 1.06,                                                                            +
                                   "Plan Rows": 1,                                                                                +
                                   "Plan Width": 4,                                                                               +
                                   "Filter": "(r_name = 'AMERICA'::bpchar)"                                                       +
                                 }                                                                                                +
                               ]                                                                                                  +
                             }                                                                                                    +
                           ]                                                                                                      +
                         },                                                                                                       +
                         {                                                                                                        +
                           "Node Type": "Nested Loop",                                                                            +
                           "Parent Relationship": "Inner",                                                                        +
                           "Parallel Aware": false,                                                                               +
                           "Join Type": "Inner",                                                                                  +
                           "Startup Cost": 68.16,                                                                                 +
                           "Total Cost": 39680.51,                                                                                +
                           "Plan Rows": 1779,                                                                                     +
                           "Plan Width": 28,                                                                                      +
                           "Plans": [                                                                                             +
                             {                                                                                                    +
                               "Node Type": "Nested Loop",                                                                        +
                               "Parent Relationship": "Outer",                                                                    +
                               "Parallel Aware": false,                                                                           +
                               "Join Type": "Inner",                                                                              +
                               "Startup Cost": 67.74,                                                                             +
                               "Total Cost": 38822.51,                                                                            +
                               "Plan Rows": 1779,                                                                                 +
                               "Plan Width": 28,                                                                                  +
                               "Plans": [                                                                                         +
                                 {                                                                                                +
                                   "Node Type": "Nested Loop",                                                                    +
                                   "Parent Relationship": "Outer",                                                                +
                                   "Parallel Aware": false,                                                                       +
                                   "Join Type": "Inner",                                                                          +
                                   "Startup Cost": 67.31,                                                                         +
                                   "Total Cost": 35366.11,                                                                        +
                                   "Plan Rows": 5722,                                                                             +
                                   "Plan Width": 24,                                                                              +
                                   "Plans": [                                                                                     +
                                     {                                                                                            +
                                       "Node Type": "Bitmap Heap Scan",                                                           +
                                       "Parent Relationship": "Outer",                                                            +
                                       "Parallel Aware": false,                                                                   +
                                       "Relation Name": "part",                                                                   +
                                       "Alias": "part",                                                                           +
                                       "Startup Cost": 66.75,                                                                     +
                                       "Total Cost": 2879.35,                                                                     +
                                       "Plan Rows": 1333,                                                                         +
                                       "Plan Width": 4,                                                                           +
                                       "Recheck Cond": "((p_type)::text = 'ECONOMY ANODIZED STEEL'::text)",                       +
                                       "Plans": [                                                                                 +
                                         {                                                                                        +
                                           "Node Type": "Bitmap Index Scan",                                                      +
                                           "Parent Relationship": "Outer",                                                        +
                                           "Parallel Aware": false,                                                               +
                                           "Index Name": "uxp_tys2pkmf",                                                          +
                                           "Startup Cost": 0.00,                                                                  +
                                           "Total Cost": 66.42,                                                                   +
                                           "Plan Rows": 1333,                                                                     +
                                           "Plan Width": 0,                                                                       +
                                           "Index Cond": "((p_type)::text = 'ECONOMY ANODIZED STEEL'::text)"                      +
                                         }                                                                                        +
                                       ]                                                                                          +
                                     },                                                                                           +
                                     {                                                                                            +
                                       "Node Type": "Index Only Scan",                                                            +
                                       "Parent Relationship": "Inner",                                                            +
                                       "Parallel Aware": false,                                                                   +
                                       "Scan Direction": "Forward",                                                               +
                                       "Index Name": "uxl_pks2okepdsqn",                                                          +
                                       "Relation Name": "lineitem",                                                               +
                                       "Alias": "lineitem",                                                                       +
                                       "Startup Cost": 0.56,                                                                      +
                                       "Total Cost": 24.32,                                                                       +
                                       "Plan Rows": 5,                                                                            +
                                       "Plan Width": 28,                                                                          +
                                       "Index Cond": "((l_partkey = part.p_partkey) AND (l_quantity <= '7.86'::double precision))"+
                                     }                                                                                            +
                                   ]                                                                                              +
                                 },                                                                                               +
                                 {                                                                                                +
                                   "Node Type": "Index Scan",                                                                     +
                                   "Parent Relationship": "Inner",                                                                +
                                   "Parallel Aware": false,                                                                       +
                                   "Scan Direction": "Forward",                                                                   +
                                   "Index Name": "pk_o_orderkey",                                                                 +
                                   "Relation Name": "orders",                                                                     +
                                   "Alias": "orders",                                                                             +
                                   "Startup Cost": 0.43,                                                                          +
                                   "Total Cost": 0.59,                                                                            +
                                   "Plan Rows": 1,                                                                                +
                                   "Plan Width": 12,                                                                              +
                                   "Index Cond": "(o_orderkey = lineitem.l_orderkey)",                                            +
                                   "Filter": "((o_orderdate >= '1995-01-01'::date) AND (o_orderdate <= '1996-12-31'::date))"      +
                                 }                                                                                                +
                               ]                                                                                                  +
                             },                                                                                                   +
                             {                                                                                                    +
                               "Node Type": "Index Scan",                                                                         +
                               "Parent Relationship": "Inner",                                                                    +
                               "Parallel Aware": false,                                                                           +
                               "Scan Direction": "Forward",                                                                       +
                               "Index Name": "pk_c_custkey",                                                                      +
                               "Relation Name": "customer",                                                                       +
                               "Alias": "customer",                                                                               +
                               "Startup Cost": 0.42,                                                                              +
                               "Total Cost": 0.47,                                                                                +
                               "Plan Rows": 1,                                                                                    +
                               "Plan Width": 8,                                                                                   +
                               "Index Cond": "(c_custkey = orders.o_custkey)"                                                     +
                             }                                                                                                    +
                           ]                                                                                                      +
                         }                                                                                                        +
                       ]                                                                                                          +
                     },                                                                                                           +
                     {                                                                                                            +
                       "Node Type": "Index Scan",                                                                                 +
                       "Parent Relationship": "Inner",                                                                            +
                       "Parallel Aware": false,                                                                                   +
                       "Scan Direction": "Forward",                                                                               +
                       "Index Name": "uxs_sknk",                                                                                  +
                       "Relation Name": "supplier",                                                                               +
                       "Alias": "supplier",                                                                                       +
                       "Startup Cost": 0.29,                                                                                      +
                       "Total Cost": 0.31,                                                                                        +
                       "Plan Rows": 1,                                                                                            +
                       "Plan Width": 8,                                                                                           +
                       "Index Cond": "(s_suppkey = lineitem.l_suppkey)",                                                          +
                       "Filter": "(s_acctbal <= '9999.72'::double precision)"                                                     +
                     }                                                                                                            +
                   ]                                                                                                              +
                 },                                                                                                               +
                 {                                                                                                                +
                   "Node Type": "Index Only Scan",                                                                                +
                   "Parent Relationship": "Inner",                                                                                +
                   "Parallel Aware": false,                                                                                       +
                   "Scan Direction": "Forward",                                                                                   +
                   "Index Name": "n_natkeynam",                                                                                   +
                   "Relation Name": "nation",                                                                                     +
                   "Alias": "n2",                                                                                                 +
                   "Startup Cost": 0.14,                                                                                          +
                   "Total Cost": 0.16,                                                                                            +
                   "Plan Rows": 1,                                                                                                +
                   "Plan Width": 108,                                                                                             +
                   "Index Cond": "(n_nationkey = supplier.s_nationkey)"                                                           +
                 }                                                                                                                +
               ]                                                                                                                  +
             }                                                                                                                    +
           ]                                                                                                                      +
         }                                                                                                                        +
       ]                                                                                                                          +
     }                                                                                                                            +
   }                                                                                                                              +
 ]
(1 row)

