                                                          QUERY PLAN                                                           
-------------------------------------------------------------------------------------------------------------------------------
 [                                                                                                                            +
   {                                                                                                                          +
     "Plan": {                                                                                                                +
       "Node Type": "Aggregate",                                                                                              +
       "Strategy": "Sorted",                                                                                                  +
       "Partial Mode": "Simple",                                                                                              +
       "Parallel Aware": false,                                                                                               +
       "Startup Cost": 83360.42,                                                                                              +
       "Total Cost": 83368.18,                                                                                                +
       "Plan Rows": 194,                                                                                                      +
       "Plan Width": 16,                                                                                                      +
       "Group Key": ["(date_part('year'::text, (orders.o_orderdate)::timestamp without time zone))"],                         +
       "Plans": [                                                                                                             +
         {                                                                                                                    +
           "Node Type": "Sort",                                                                                               +
           "Parent Relationship": "Outer",                                                                                    +
           "Parallel Aware": false,                                                                                           +
           "Startup Cost": 83360.42,                                                                                          +
           "Total Cost": 83360.90,                                                                                            +
           "Plan Rows": 194,                                                                                                  +
           "Plan Width": 128,                                                                                                 +
           "Sort Key": ["(date_part('year'::text, (orders.o_orderdate)::timestamp without time zone))"],                      +
           "Plans": [                                                                                                         +
             {                                                                                                                +
               "Node Type": "Hash Join",                                                                                      +
               "Parent Relationship": "Outer",                                                                                +
               "Parallel Aware": false,                                                                                       +
               "Join Type": "Inner",                                                                                          +
               "Startup Cost": 870.15,                                                                                        +
               "Total Cost": 83353.05,                                                                                        +
               "Plan Rows": 194,                                                                                              +
               "Plan Width": 128,                                                                                             +
               "Hash Cond": "(supplier.s_nationkey = n2.n_nationkey)",                                                        +
               "Plans": [                                                                                                     +
                 {                                                                                                            +
                   "Node Type": "Nested Loop",                                                                                +
                   "Parent Relationship": "Outer",                                                                            +
                   "Parallel Aware": false,                                                                                   +
                   "Join Type": "Inner",                                                                                      +
                   "Startup Cost": 868.59,                                                                                    +
                   "Total Cost": 83347.85,                                                                                    +
                   "Plan Rows": 194,                                                                                          +
                   "Plan Width": 24,                                                                                          +
                   "Plans": [                                                                                                 +
                     {                                                                                                        +
                       "Node Type": "Hash Join",                                                                              +
                       "Parent Relationship": "Outer",                                                                        +
                       "Parallel Aware": false,                                                                               +
                       "Join Type": "Inner",                                                                                  +
                       "Startup Cost": 868.31,                                                                                +
                       "Total Cost": 83284.76,                                                                                +
                       "Plan Rows": 200,                                                                                      +
                       "Plan Width": 24,                                                                                      +
                       "Hash Cond": "(orders.o_custkey = customer.c_custkey)",                                                +
                       "Plans": [                                                                                             +
                         {                                                                                                    +
                           "Node Type": "Nested Loop",                                                                        +
                           "Parent Relationship": "Outer",                                                                    +
                           "Parallel Aware": false,                                                                           +
                           "Join Type": "Inner",                                                                              +
                           "Startup Cost": 67.74,                                                                             +
                           "Total Cost": 82463.46,                                                                            +
                           "Plan Rows": 4995,                                                                                 +
                           "Plan Width": 28,                                                                                  +
                           "Plans": [                                                                                         +
                             {                                                                                                +
                               "Node Type": "Nested Loop",                                                                    +
                               "Parent Relationship": "Outer",                                                                +
                               "Parallel Aware": false,                                                                       +
                               "Join Type": "Inner",                                                                          +
                               "Startup Cost": 67.31,                                                                         +
                               "Total Cost": 74246.92,                                                                        +
                               "Plan Rows": 16070,                                                                            +
                               "Plan Width": 24,                                                                              +
                               "Plans": [                                                                                     +
                                 {                                                                                            +
                                   "Node Type": "Bitmap Heap Scan",                                                           +
                                   "Parent Relationship": "Outer",                                                            +
                                   "Parallel Aware": false,                                                                   +
                                   "Relation Name": "part",                                                                   +
                                   "Alias": "part",                                                                           +
                                   "Startup Cost": 66.75,                                                                     +
                                   "Total Cost": 2879.35,                                                                     +
                                   "Plan Rows": 1333,                                                                         +
                                   "Plan Width": 4,                                                                           +
                                   "Recheck Cond": "((p_type)::text = 'ECONOMY ANODIZED STEEL'::text)",                       +
                                   "Plans": [                                                                                 +
                                     {                                                                                        +
                                       "Node Type": "Bitmap Index Scan",                                                      +
                                       "Parent Relationship": "Outer",                                                        +
                                       "Parallel Aware": false,                                                               +
                                       "Index Name": "uxp_tys2pkmf",                                                          +
                                       "Startup Cost": 0.00,                                                                  +
                                       "Total Cost": 66.42,                                                                   +
                                       "Plan Rows": 1333,                                                                     +
                                       "Plan Width": 0,                                                                       +
                                       "Index Cond": "((p_type)::text = 'ECONOMY ANODIZED STEEL'::text)"                      +
                                     }                                                                                        +
                                   ]                                                                                          +
                                 },                                                                                           +
                                 {                                                                                            +
                                   "Node Type": "Index Only Scan",                                                            +
                                   "Parent Relationship": "Inner",                                                            +
                                   "Parallel Aware": false,                                                                   +
                                   "Scan Direction": "Forward",                                                               +
                                   "Index Name": "uxl_pks2okepdsqn",                                                          +
                                   "Relation Name": "lineitem",                                                               +
                                   "Alias": "lineitem",                                                                       +
                                   "Startup Cost": 0.56,                                                                      +
                                   "Total Cost": 53.41,                                                                       +
                                   "Plan Rows": 13,                                                                           +
                                   "Plan Width": 28,                                                                          +
                                   "Index Cond": "((l_partkey = part.p_partkey) AND (l_quantity <= '20.6'::double precision))"+
                                 }                                                                                            +
                               ]                                                                                              +
                             },                                                                                               +
                             {                                                                                                +
                               "Node Type": "Index Scan",                                                                     +
                               "Parent Relationship": "Inner",                                                                +
                               "Parallel Aware": false,                                                                       +
                               "Scan Direction": "Forward",                                                                   +
                               "Index Name": "pk_o_orderkey",                                                                 +
                               "Relation Name": "orders",                                                                     +
                               "Alias": "orders",                                                                             +
                               "Startup Cost": 0.43,                                                                          +
                               "Total Cost": 0.50,                                                                            +
                               "Plan Rows": 1,                                                                                +
                               "Plan Width": 12,                                                                              +
                               "Index Cond": "(o_orderkey = lineitem.l_orderkey)",                                            +
                               "Filter": "((o_orderdate >= '1995-01-01'::date) AND (o_orderdate <= '1996-12-31'::date))"      +
                             }                                                                                                +
                           ]                                                                                                  +
                         },                                                                                                   +
                         {                                                                                                    +
                           "Node Type": "Hash",                                                                               +
                           "Parent Relationship": "Inner",                                                                    +
                           "Parallel Aware": false,                                                                           +
                           "Startup Cost": 725.58,                                                                            +
                           "Total Cost": 725.58,                                                                              +
                           "Plan Rows": 5999,                                                                                 +
                           "Plan Width": 4,                                                                                   +
                           "Plans": [                                                                                         +
                             {                                                                                                +
                               "Node Type": "Nested Loop",                                                                    +
                               "Parent Relationship": "Outer",                                                                +
                               "Parallel Aware": false,                                                                       +
                               "Join Type": "Inner",                                                                          +
                               "Startup Cost": 92.95,                                                                         +
                               "Total Cost": 725.58,                                                                          +
                               "Plan Rows": 5999,                                                                             +
                               "Plan Width": 4,                                                                               +
                               "Plans": [                                                                                     +
                                 {                                                                                            +
                                   "Node Type": "Hash Join",                                                                  +
                                   "Parent Relationship": "Outer",                                                            +
                                   "Parallel Aware": false,                                                                   +
                                   "Join Type": "Inner",                                                                      +
                                   "Startup Cost": 1.07,                                                                      +
                                   "Total Cost": 2.43,                                                                        +
                                   "Plan Rows": 1,                                                                            +
                                   "Plan Width": 4,                                                                           +
                                   "Hash Cond": "(n1.n_regionkey = region.r_regionkey)",                                      +
                                   "Plans": [                                                                                 +
                                     {                                                                                        +
                                       "Node Type": "Seq Scan",                                                               +
                                       "Parent Relationship": "Outer",                                                        +
                                       "Parallel Aware": false,                                                               +
                                       "Relation Name": "nation",                                                             +
                                       "Alias": "n1",                                                                         +
                                       "Startup Cost": 0.00,                                                                  +
                                       "Total Cost": 1.25,                                                                    +
                                       "Plan Rows": 25,                                                                       +
                                       "Plan Width": 8                                                                        +
                                     },                                                                                       +
                                     {                                                                                        +
                                       "Node Type": "Hash",                                                                   +
                                       "Parent Relationship": "Inner",                                                        +
                                       "Parallel Aware": false,                                                               +
                                       "Startup Cost": 1.06,                                                                  +
                                       "Total Cost": 1.06,                                                                    +
                                       "Plan Rows": 1,                                                                        +
                                       "Plan Width": 4,                                                                       +
                                       "Plans": [                                                                             +
                                         {                                                                                    +
                                           "Node Type": "Seq Scan",                                                           +
                                           "Parent Relationship": "Outer",                                                    +
                                           "Parallel Aware": false,                                                           +
                                           "Relation Name": "region",                                                         +
                                           "Alias": "region",                                                                 +
                                           "Startup Cost": 0.00,                                                              +
                                           "Total Cost": 1.06,                                                                +
                                           "Plan Rows": 1,                                                                    +
                                           "Plan Width": 4,                                                                   +
                                           "Filter": "(r_name = 'AMERICA'::bpchar)"                                           +
                                         }                                                                                    +
                                       ]                                                                                      +
                                     }                                                                                        +
                                   ]                                                                                          +
                                 },                                                                                           +
                                 {                                                                                            +
                                   "Node Type": "Bitmap Heap Scan",                                                           +
                                   "Parent Relationship": "Inner",                                                            +
                                   "Parallel Aware": false,                                                                   +
                                   "Relation Name": "customer",                                                               +
                                   "Alias": "customer",                                                                       +
                                   "Startup Cost": 91.87,                                                                     +
                                   "Total Cost": 663.16,                                                                      +
                                   "Plan Rows": 5999,                                                                         +
                                   "Plan Width": 8,                                                                           +
                                   "Recheck Cond": "(c_nationkey = n1.n_nationkey)",                                          +
                                   "Plans": [                                                                                 +
                                     {                                                                                        +
                                       "Node Type": "Bitmap Index Scan",                                                      +
                                       "Parent Relationship": "Outer",                                                        +
                                       "Parallel Aware": false,                                                               +
                                       "Index Name": "c_nat_ckey_reg",                                                        +
                                       "Startup Cost": 0.00,                                                                  +
                                       "Total Cost": 90.37,                                                                   +
                                       "Plan Rows": 5999,                                                                     +
                                       "Plan Width": 0,                                                                       +
                                       "Index Cond": "(c_nationkey = n1.n_nationkey)"                                         +
                                     }                                                                                        +
                                   ]                                                                                          +
                                 }                                                                                            +
                               ]                                                                                              +
                             }                                                                                                +
                           ]                                                                                                  +
                         }                                                                                                    +
                       ]                                                                                                      +
                     },                                                                                                       +
                     {                                                                                                        +
                       "Node Type": "Index Scan",                                                                             +
                       "Parent Relationship": "Inner",                                                                        +
                       "Parallel Aware": false,                                                                               +
                       "Scan Direction": "Forward",                                                                           +
                       "Index Name": "uxs_sknk",                                                                              +
                       "Relation Name": "supplier",                                                                           +
                       "Alias": "supplier",                                                                                   +
                       "Startup Cost": 0.29,                                                                                  +
                       "Total Cost": 0.31,                                                                                    +
                       "Plan Rows": 1,                                                                                        +
                       "Plan Width": 8,                                                                                       +
                       "Index Cond": "(s_suppkey = lineitem.l_suppkey)",                                                      +
                       "Filter": "(s_acctbal <= '9669.7818'::double precision)"                                               +
                     }                                                                                                        +
                   ]                                                                                                          +
                 },                                                                                                           +
                 {                                                                                                            +
                   "Node Type": "Hash",                                                                                       +
                   "Parent Relationship": "Inner",                                                                            +
                   "Parallel Aware": false,                                                                                   +
                   "Startup Cost": 1.25,                                                                                      +
                   "Total Cost": 1.25,                                                                                        +
                   "Plan Rows": 25,                                                                                           +
                   "Plan Width": 108,                                                                                         +
                   "Plans": [                                                                                                 +
                     {                                                                                                        +
                       "Node Type": "Seq Scan",                                                                               +
                       "Parent Relationship": "Outer",                                                                        +
                       "Parallel Aware": false,                                                                               +
                       "Relation Name": "nation",                                                                             +
                       "Alias": "n2",                                                                                         +
                       "Startup Cost": 0.00,                                                                                  +
                       "Total Cost": 1.25,                                                                                    +
                       "Plan Rows": 25,                                                                                       +
                       "Plan Width": 108                                                                                      +
                     }                                                                                                        +
                   ]                                                                                                          +
                 }                                                                                                            +
               ]                                                                                                              +
             }                                                                                                                +
           ]                                                                                                                  +
         }                                                                                                                    +
       ]                                                                                                                      +
     }                                                                                                                        +
   }                                                                                                                          +
 ]
(1 row)

